EEG-Droid/app/build/intermediates/manifest_merge_blame_file/debug/manifest-merger-blame-debug-report.txt
1<?xml version="1.0" encoding="utf-8"?>
2<manifest xmlns:android="http://schemas.android.com/apk/res/android"
3    package="de.uni_osnabrueck.ikw.eegdroid"
4    android:versionCode="1"
5    android:versionName="0.4" >
6
7    <uses-sdk
8        android:minSdkVersion="26"
8-->src/main/AndroidManifest.xml
9        android:targetSdkVersion="28" />
9-->src/main/AndroidManifest.xml
10
11    <uses-feature
11-->src/main/AndroidManifest.xml:5:5-7:35
12        android:name="android.hardware.bluetooth_le"
12-->src/main/AndroidManifest.xml:6:9-53
13        android:required="true" />
13-->src/main/AndroidManifest.xml:7:9-32
14
15    <uses-permission android:name="android.permission.BLUETOOTH" />
15-->src/main/AndroidManifest.xml:9:5-68
15-->src/main/AndroidManifest.xml:9:22-65
16    <uses-permission android:name="android.permission.BLUETOOTH_ADMIN" />
16-->src/main/AndroidManifest.xml:10:5-74
16-->src/main/AndroidManifest.xml:10:22-71
17    <uses-permission android:name="android.permission.ACCESS_COARSE_LOCATION" />
17-->src/main/AndroidManifest.xml:11:5-81
17-->src/main/AndroidManifest.xml:11:22-78
18    <uses-permission android:name="android.permission.WRITE_EXTERNAL_STORAGE" />
18-->src/main/AndroidManifest.xml:12:5-81
18-->src/main/AndroidManifest.xml:12:22-78
19    <uses-permission android:name="android.permission.INTERNET" />
19-->src/main/AndroidManifest.xml:13:5-67
19-->src/main/AndroidManifest.xml:13:22-64
20    <uses-permission android:name="android.permission.RECORD_AUDIO" />
20-->src/main/AndroidManifest.xml:14:5-71
20-->src/main/AndroidManifest.xml:14:22-68
21    <uses-permission android:name="android.permission.MANAGE_DOCUMENTS" />
21-->src/main/AndroidManifest.xml:15:5-75
21-->src/main/AndroidManifest.xml:15:22-72
22    <uses-permission android:name="android.permission.WRITE_EXTERNAL_STORAGE" />
22-->src/main/AndroidManifest.xml:12:5-81
22-->src/main/AndroidManifest.xml:12:22-78
23    <uses-permission android:name="android.permission.CAMERA" />
23-->src/main/AndroidManifest.xml:17:5-65
23-->src/main/AndroidManifest.xml:17:22-62
24    <uses-permission android:name="android.permission.READ_EXTERNAL_STORAGE" />
24-->src/main/AndroidManifest.xml:18:5-80
24-->src/main/AndroidManifest.xml:18:22-77
25    <uses-permission android:name="android.permission.ACCESS_NETWORK_STATE" />
25-->src/main/AndroidManifest.xml:19:5-79
25-->src/main/AndroidManifest.xml:19:22-76
26    <uses-permission android:name="android.permission.WAKE_LOCK" />
26-->src/main/AndroidManifest.xml:20:5-67
26-->src/main/AndroidManifest.xml:20:22-65
27    <uses-permission android:name="android.permission.VIBRATE" />
27-->[:library_epibot] AndroidManifest.xml:11:5-66
27-->[:library_epibot] AndroidManifest.xml:11:22-63
28
29    <application
29-->src/main/AndroidManifest.xml:22:5-80:19
30        android:allowBackup="true"
30-->src/main/AndroidManifest.xml:23:9-35
31        android:appComponentFactory="androidx.core.app.CoreComponentFactory"
31-->[androidx.core:core:1.0.0] AndroidManifest.xml:22:18-86
32        android:debuggable="true"
33        android:icon="@mipmap/ic_launcher2"
33-->src/main/AndroidManifest.xml:24:9-44
34        android:label="@string/app_name"
34-->src/main/AndroidManifest.xml:25:9-41
35        android:roundIcon="@mipmap/ic_launcher2_round"
35-->src/main/AndroidManifest.xml:26:9-55
36        android:supportsRtl="true"
36-->src/main/AndroidManifest.xml:27:9-35
37        android:theme="@style/AppTheme" >
37-->src/main/AndroidManifest.xml:28:9-40
38        <activity android:name="de.uni_osnabrueck.ikw.eegdroid.Info" />
38-->src/main/AndroidManifest.xml:29:9-51
38-->src/main/AndroidManifest.xml:29:19-39
39        <activity android:name="de.uni_osnabrueck.ikw.eegdroid.Settings" />
39-->src/main/AndroidManifest.xml:30:9-46
39-->src/main/AndroidManifest.xml:30:19-43
40        <activity android:name="de.uni_osnabrueck.ikw.eegdroid.Tutorial" />
40-->src/main/AndroidManifest.xml:31:9-46
40-->src/main/AndroidManifest.xml:31:19-43
41        <activity android:name="de.uni_osnabrueck.ikw.eegdroid.Learn" />
41-->src/main/AndroidManifest.xml:32:9-43
41-->src/main/AndroidManifest.xml:32:19-40
42        <activity android:name="de.uni_osnabrueck.ikw.eegdroid.ManageSessions" />
42-->src/main/AndroidManifest.xml:33:9-52
42-->src/main/AndroidManifest.xml:33:19-49
43        <activity
43-->src/main/AndroidManifest.xml:34:9-43:20
44            android:name="de.uni_osnabrueck.ikw.eegdroid.MainActivity"
44-->src/main/AndroidManifest.xml:35:13-41
45            android:label="@string/app_name"
45-->src/main/AndroidManifest.xml:36:13-45
46            android:theme="@style/AppTheme.NoActionBar" >
46-->src/main/AndroidManifest.xml:37:13-56
47            <intent-filter>
47-->src/main/AndroidManifest.xml:38:13-42:29
48                <action android:name="android.intent.action.MAIN" />
48-->src/main/AndroidManifest.xml:39:17-69
48-->src/main/AndroidManifest.xml:39:25-66
49
50                <category android:name="android.intent.category.LAUNCHER" />
50-->src/main/AndroidManifest.xml:41:17-77
50-->src/main/AndroidManifest.xml:41:27-74
51            </intent-filter>
52        </activity>
53        <activity android:name="de.uni_osnabrueck.ikw.eegdroid.Record" />
53-->src/main/AndroidManifest.xml:44:9-44
53-->src/main/AndroidManifest.xml:44:19-41
54        <activity android:name="de.uni_osnabrueck.ikw.eegdroid.ExperimentActivity" />
54-->src/main/AndroidManifest.xml:45:9-55
54-->src/main/AndroidManifest.xml:45:19-53
55        <activity
55-->src/main/AndroidManifest.xml:46:9-48:62
56            android:name="de.uni_osnabrueck.ikw.eegdroid.Display"
56-->src/main/AndroidManifest.xml:47:13-36
57            android:configChanges="orientation|screenSize" />
57-->src/main/AndroidManifest.xml:48:13-59
58        <activity
58-->src/main/AndroidManifest.xml:49:9-51:62
59            android:name="de.uni_osnabrueck.ikw.eegdroid.TFAnalysis"
59-->src/main/AndroidManifest.xml:50:13-39
60            android:configChanges="orientation|screenSize" />
60-->src/main/AndroidManifest.xml:51:13-59
61        <activity
61-->src/main/AndroidManifest.xml:52:9-54:62
62            android:name="de.uni_osnabrueck.ikw.eegdroid.Epibot"
62-->src/main/AndroidManifest.xml:53:13-35
63            android:configChanges="orientation|screenSize" />
63-->src/main/AndroidManifest.xml:54:13-59
64        <activity
64-->src/main/AndroidManifest.xml:55:9-57:63
65            android:name="de.uni_osnabrueck.ikw.eegdroid.SettingsActivity"
65-->src/main/AndroidManifest.xml:56:13-45
66            android:label="@string/title_activity_settings" />
66-->src/main/AndroidManifest.xml:57:13-60
67        <activity
67-->src/main/AndroidManifest.xml:58:9-60:48
68            android:name="de.uni_osnabrueck.ikw.eegdroid.DeviceScanActivity"
68-->src/main/AndroidManifest.xml:59:13-47
69            android:label="@string/app_name" />
69-->src/main/AndroidManifest.xml:60:13-45
70
71        <service
71-->src/main/AndroidManifest.xml:62:9-64:38
72            android:name="de.uni_osnabrueck.ikw.eegdroid.BluetoothLeService"
72-->src/main/AndroidManifest.xml:63:13-47
73            android:enabled="true" />
73-->src/main/AndroidManifest.xml:64:13-35
74
75        <activity
75-->src/main/AndroidManifest.xml:66:9-69:59
76            android:name="de.uni_osnabrueck.ikw.eegdroid.Connect"
76-->src/main/AndroidManifest.xml:67:13-36
77            android:label="@string/title_activity_connect"
77-->src/main/AndroidManifest.xml:68:13-59
78            android:theme="@style/AppTheme.NoActionBar" />
78-->src/main/AndroidManifest.xml:69:13-56
79
80        <provider
81            android:name="de.uni_osnabrueck.ikw.eegdroid.utilities.GenericFileProvider"
81-->src/main/AndroidManifest.xml:72:13-58
82            android:authorities="de.uni_osnabrueck.ikw.eegdroid.fileprovider"
82-->src/main/AndroidManifest.xml:73:13-64
83            android:exported="false"
83-->src/main/AndroidManifest.xml:74:13-37
84            android:grantUriPermissions="true" >
84-->src/main/AndroidManifest.xml:75:13-47
85            <meta-data
85-->src/main/AndroidManifest.xml:76:13-78:58
86                android:name="android.support.FILE_PROVIDER_PATHS"
86-->src/main/AndroidManifest.xml:77:17-67
87                android:resource="@xml/provider_paths" />
87-->src/main/AndroidManifest.xml:78:17-55
88        </provider>
89        <provider
89-->[:library_epibot] AndroidManifest.xml:14:9-23:20
90            android:name="androidx.core.content.FileProvider"
90-->[:library_epibot] AndroidManifest.xml:15:13-62
91            android:authorities="com.ibm.watson.developer_cloud.android.provider"
91-->[:library_epibot] AndroidManifest.xml:16:13-82
92            android:exported="false"
92-->[:library_epibot] AndroidManifest.xml:17:13-37
93            android:grantUriPermissions="true" >
93-->[:library_epibot] AndroidManifest.xml:18:13-47
94            <meta-data
94-->src/main/AndroidManifest.xml:76:13-78:58
95                android:name="android.support.FILE_PROVIDER_PATHS"
95-->src/main/AndroidManifest.xml:77:17-67
96                android:resource="@xml/provider_paths" >
96-->src/main/AndroidManifest.xml:78:17-55
97            </meta-data>
98        </provider>
99    </application>
100
101</manifest>